Arguments: 
  /opt/homebrew/Cellar/node/21.1.0/bin/node /opt/homebrew/Cellar/yarn/1.22.18/libexec/bin/yarn.js init

PATH: 
  /opt/homebrew/opt/curl/bin:/Users/kemekenneth/.bun/bin:/Applications/google-cloud-sdk/bin:/Users/kemekenneth/Library/Python/3.8/bin:/Users/kemekenneth/bin:/opt/homebrew/bin:/Applications/XAMPP/bin:/usr/local/bin:/usr/bin:/bin:/usr/sbin:/sbin:/Users/kemekenneth/Library/Android/sdk/emulator:/Users/kemekenneth/Library/Android/sdk/platform-tools:/usr/local/bin:/usr/bin:/bin:/usr/sbin:/sbin:/usr/local/MacGPG2/bin:/Users/kemekenneth/.composer/vendor/bin

Yarn version: 
  1.22.18

Node version: 
  21.1.0

Platform: 
  darwin arm64

Trace: 
  Error: canceled
      at Interface.<anonymous> (/opt/homebrew/Cellar/yarn/1.22.18/libexec/lib/cli.js:137143:13)
      at Interface.emit (node:events:515:28)
      at [_ttyWrite] [as _ttyWrite] (node:internal/readline/interface:1125:18)
      at ReadStream.onkeypress (node:internal/readline/interface:264:20)
      at ReadStream.emit (node:events:515:28)
      at emitKeys (node:internal/readline/utils:371:14)
      at emitKeys.next (<anonymous>)
      at ReadStream.onData (node:internal/readline/emitKeypressEvents:64:36)
      at ReadStream.emit (node:events:515:28)
      at addChunk (node:internal/streams/readable:545:12)

npm manifest: 
  No manifest

yarn manifest: 
  No manifest

Lockfile: 
  No lockfile
